<?xml version="1.0" encoding="UTF-8"?>
<!-- Generated by org.testng.reporters.JUnitXMLReporter -->
<testsuite ignored="4" hostname="DESKTOP-NVISI2T" failures="1" tests="1" name="Default test(failed)" time="9.095" errors="0" timestamp="2024-07-01T18:09:07 IST">
  <testcase classname="TestNGPractice.TestCaseForGroupEx" name="verifyTitle" time="0.023">
    <failure type="java.lang.AssertionError" message="expected [omayo (QAFox.com) ] but found [omayo (QAFox.com)]">
      <![CDATA[java.lang.AssertionError: expected [omayo (QAFox.com) ] but found [omayo (QAFox.com)]
at TestNGPractice.TestCaseForGroupEx.verifyTitle(TestCaseForGroupEx.java:44)
at java.base/java.util.ArrayList.forEach(ArrayList.java:1511)
... Removed 33 stack frames]]>
    </failure>
  </testcase> <!-- verifyTitle -->
  <testcase classname="TestNGPractice.TestCaseForGroupEx" name="verifyFemaleRadioBtnStatus" time="0.0">
    <ignored/>
  </testcase> <!-- verifyFemaleRadioBtnStatus -->
  <testcase classname="TestNGPractice.TestCaseForGroupEx" name="verifyPageUrl" time="0.0">
    <ignored/>
  </testcase> <!-- verifyPageUrl -->
  <testcase classname="TestNGPractice.TestCaseForGroupEx" name="verifyMaleRadioBtnStatus" time="0.0">
    <ignored/>
  </testcase> <!-- verifyMaleRadioBtnStatus -->
  <testcase classname="TestNGPractice.TestCaseForGroupEx" name="verifyOrangeCheckboxStatus" time="0.0">
    <ignored/>
  </testcase> <!-- verifyOrangeCheckboxStatus -->
</testsuite> <!-- Default test(failed) -->
