<?xml version="1.0" encoding="UTF-8"?>
<!-- Generated by org.testng.reporters.JUnitXMLReporter -->
<testsuite ignored="5" hostname="DESKTOP-NVISI2T" failures="0" tests="0" time="0.012" errors="0" timestamp="2024-07-01T18:07:22 IST">
  <testcase classname="TestNGPractice.TestCaseForGroupEx" name="verifyFemaleRadioBtnStatus" time="0.0">
    <ignored/>
  </testcase> <!-- verifyFemaleRadioBtnStatus -->
  <testcase classname="TestNGPractice.TestCaseForGroupEx" name="verifyPageUrl" time="0.0">
    <ignored/>
  </testcase> <!-- verifyPageUrl -->
  <testcase classname="TestNGPractice.TestCaseForGroupEx" name="verifyTitle" time="0.0">
    <ignored/>
  </testcase> <!-- verifyTitle -->
  <testcase classname="TestNGPractice.TestCaseForGroupEx" name="verifyMaleRadioBtnStatus" time="0.0">
    <ignored/>
  </testcase> <!-- verifyMaleRadioBtnStatus -->
  <testcase classname="TestNGPractice.TestCaseForGroupEx" name="verifyOrangeCheckboxStatus" time="0.0">
    <ignored/>
  </testcase> <!-- verifyOrangeCheckboxStatus -->
</testsuite>
